APP/NefroSalut/app/build/intermediates/manifest_merge_blame_file/debug/processDebugMainManifest/manifest-merger-blame-debug-report.txt
1<?xml version="1.0" encoding="utf-8"?>
2<manifest xmlns:android="http://schemas.android.com/apk/res/android"
3    package="com.mariona.nefrosalut"
4    android:versionCode="1"
5    android:versionName="1.0" >
6
7    <uses-sdk
8        android:minSdkVersion="27"
9        android:targetSdkVersion="35" />
10
11    <!-- Include required permissions for Google Maps API to run. -->
12    <uses-permission android:name="android.permission.ACCESS_NETWORK_STATE" />
12-->[com.google.android.gms:play-services-maps:19.1.0] AndroidManifest.xml:20:5-78
12-->[com.google.android.gms:play-services-maps:19.1.0] AndroidManifest.xml:20:22-76
13    <uses-permission android:name="android.permission.INTERNET" />
13-->[com.google.android.gms:play-services-maps:19.1.0] AndroidManifest.xml:21:5-66
13-->[com.google.android.gms:play-services-maps:19.1.0] AndroidManifest.xml:21:22-64
14
15    <uses-feature
15-->[com.google.android.gms:play-services-maps:19.1.0] AndroidManifest.xml:22:5-24:33
16        android:glEsVersion="0x00020000"
16-->[com.google.android.gms:play-services-maps:19.1.0] AndroidManifest.xml:23:8-40
17        android:required="true" />
17-->[com.google.android.gms:play-services-maps:19.1.0] AndroidManifest.xml:24:8-31
18
19    <queries>
19-->[com.google.android.gms:play-services-maps:19.1.0] AndroidManifest.xml:27:5-30:15
20
21        <!-- Needs to be explicitly declared on Android R+ -->
22        <package android:name="com.google.android.apps.maps" />
22-->[com.google.android.gms:play-services-maps:19.1.0] AndroidManifest.xml:29:7-61
22-->[com.google.android.gms:play-services-maps:19.1.0] AndroidManifest.xml:29:16-59
23    </queries>
24
25    <permission
25-->[androidx.core:core:1.15.0] AndroidManifest.xml:22:5-24:47
26        android:name="com.mariona.nefrosalut.DYNAMIC_RECEIVER_NOT_EXPORTED_PERMISSION"
26-->[androidx.core:core:1.15.0] AndroidManifest.xml:23:9-81
27        android:protectionLevel="signature" />
27-->[androidx.core:core:1.15.0] AndroidManifest.xml:24:9-44
28
29    <uses-permission android:name="com.mariona.nefrosalut.DYNAMIC_RECEIVER_NOT_EXPORTED_PERMISSION" />
29-->[androidx.core:core:1.15.0] AndroidManifest.xml:26:5-97
29-->[androidx.core:core:1.15.0] AndroidManifest.xml:26:22-94
30
31    <application
31-->src\main\AndroidManifest.xml:5:5-88:19
32        android:allowBackup="true"
32-->src\main\AndroidManifest.xml:6:9-35
33        android:appComponentFactory="androidx.core.app.CoreComponentFactory"
33-->[androidx.core:core:1.15.0] AndroidManifest.xml:28:18-86
34        android:dataExtractionRules="@xml/data_extraction_rules"
34-->src\main\AndroidManifest.xml:7:9-65
35        android:debuggable="true"
36        android:extractNativeLibs="false"
37        android:fullBackupContent="@xml/backup_rules"
37-->src\main\AndroidManifest.xml:8:9-54
38        android:icon="@mipmap/ic_launcher"
38-->src\main\AndroidManifest.xml:9:9-43
39        android:label="@string/app_name"
39-->src\main\AndroidManifest.xml:10:9-41
40        android:roundIcon="@mipmap/ic_launcher_round"
40-->src\main\AndroidManifest.xml:11:9-54
41        android:supportsRtl="true"
41-->src\main\AndroidManifest.xml:12:9-35
42        android:testOnly="true"
43        android:theme="@style/Theme.NefroSalut"
43-->src\main\AndroidManifest.xml:13:9-48
44        android:usesCleartextTraffic="true" >
44-->src\main\AndroidManifest.xml:14:9-44
45        <activity
45-->src\main\AndroidManifest.xml:16:9-18:40
46            android:name="com.mariona.nefrosalut.LoginSelectActivity"
46-->src\main\AndroidManifest.xml:17:13-48
47            android:exported="false" />
47-->src\main\AndroidManifest.xml:18:13-37
48        <activity
48-->src\main\AndroidManifest.xml:19:9-21:40
49            android:name="com.mariona.nefrosalut.LoginFamiliar"
49-->src\main\AndroidManifest.xml:20:13-42
50            android:exported="false" />
50-->src\main\AndroidManifest.xml:21:13-37
51        <activity
51-->src\main\AndroidManifest.xml:22:9-24:40
52            android:name="com.mariona.nefrosalut.verDietas"
52-->src\main\AndroidManifest.xml:23:13-38
53            android:exported="false" />
53-->src\main\AndroidManifest.xml:24:13-37
54        <activity
54-->src\main\AndroidManifest.xml:25:9-27:40
55            android:name="com.mariona.nefrosalut.verPlatos"
55-->src\main\AndroidManifest.xml:26:13-38
56            android:exported="false" />
56-->src\main\AndroidManifest.xml:27:13-37
57        <activity
57-->src\main\AndroidManifest.xml:28:9-30:40
58            android:name="com.mariona.nefrosalut.verVideos"
58-->src\main\AndroidManifest.xml:29:13-38
59            android:exported="false" />
59-->src\main\AndroidManifest.xml:30:13-37
60        <activity
60-->src\main\AndroidManifest.xml:32:9-34:40
61            android:name="com.mariona.nefrosalut.platosDiets"
61-->src\main\AndroidManifest.xml:33:13-40
62            android:exported="false" />
62-->src\main\AndroidManifest.xml:34:13-37
63        <activity
63-->src\main\AndroidManifest.xml:36:9-38:40
64            android:name="com.mariona.nefrosalut.Quiz"
64-->src\main\AndroidManifest.xml:37:13-33
65            android:exported="false" />
65-->src\main\AndroidManifest.xml:38:13-37
66        <activity
66-->src\main\AndroidManifest.xml:40:9-42:40
67            android:name="com.mariona.nefrosalut.afegirPlats"
67-->src\main\AndroidManifest.xml:41:13-40
68            android:exported="false" />
68-->src\main\AndroidManifest.xml:42:13-37
69        <activity
69-->src\main\AndroidManifest.xml:44:9-46:40
70            android:name="com.mariona.nefrosalut.Perfil"
70-->src\main\AndroidManifest.xml:45:13-35
71            android:exported="false" />
71-->src\main\AndroidManifest.xml:46:13-37
72        <activity
72-->src\main\AndroidManifest.xml:48:9-50:40
73            android:name="com.mariona.nefrosalut.quizCategoria"
73-->src\main\AndroidManifest.xml:49:13-42
74            android:exported="false" />
74-->src\main\AndroidManifest.xml:50:13-37
75        <activity
75-->src\main\AndroidManifest.xml:52:9-54:40
76            android:name="com.mariona.nefrosalut.escogerQuiz"
76-->src\main\AndroidManifest.xml:53:13-40
77            android:exported="false" />
77-->src\main\AndroidManifest.xml:54:13-37
78        <activity
78-->src\main\AndroidManifest.xml:56:9-58:40
79            android:name="com.mariona.nefrosalut.verProgreso"
79-->src\main\AndroidManifest.xml:57:13-40
80            android:exported="false" />
80-->src\main\AndroidManifest.xml:58:13-37
81        <activity
81-->src\main\AndroidManifest.xml:60:9-62:40
82            android:name="com.mariona.nefrosalut.crearDieta"
82-->src\main\AndroidManifest.xml:61:13-39
83            android:exported="false" />
83-->src\main\AndroidManifest.xml:62:13-37
84        <activity
84-->src\main\AndroidManifest.xml:64:9-66:40
85            android:name="com.mariona.nefrosalut.DadesMediquesMostrarActivity"
85-->src\main\AndroidManifest.xml:65:13-57
86            android:exported="false" />
86-->src\main\AndroidManifest.xml:66:13-37
87        <activity
87-->src\main\AndroidManifest.xml:67:9-75:20
88            android:name="com.mariona.nefrosalut.MainActivity"
88-->src\main\AndroidManifest.xml:68:13-41
89            android:exported="true" >
89-->src\main\AndroidManifest.xml:69:13-36
90            <intent-filter>
90-->src\main\AndroidManifest.xml:70:13-74:29
91                <action android:name="android.intent.action.MAIN" />
91-->src\main\AndroidManifest.xml:71:17-69
91-->src\main\AndroidManifest.xml:71:25-66
92
93                <category android:name="android.intent.category.LAUNCHER" />
93-->src\main\AndroidManifest.xml:73:17-77
93-->src\main\AndroidManifest.xml:73:27-74
94            </intent-filter>
95        </activity>
96        <activity android:name="com.mariona.nefrosalut.LoginActivity" />
96-->src\main\AndroidManifest.xml:76:9-51
96-->src\main\AndroidManifest.xml:76:19-48
97        <activity android:name="com.mariona.nefrosalut.RegisterSelectActivity" />
97-->src\main\AndroidManifest.xml:77:9-60
97-->src\main\AndroidManifest.xml:77:19-57
98        <activity android:name="com.mariona.nefrosalut.RegisterPacientActivity" />
98-->src\main\AndroidManifest.xml:78:9-61
98-->src\main\AndroidManifest.xml:78:19-58
99        <activity android:name="com.mariona.nefrosalut.RegisterFamiliarActivity" />
99-->src\main\AndroidManifest.xml:79:9-62
99-->src\main\AndroidManifest.xml:79:19-59
100        <activity android:name="com.mariona.nefrosalut.DadesMediques" />
100-->src\main\AndroidManifest.xml:80:9-51
100-->src\main\AndroidManifest.xml:80:19-48
101        <activity android:name="com.mariona.nefrosalut.MainMenu" />
101-->src\main\AndroidManifest.xml:81:9-46
101-->src\main\AndroidManifest.xml:81:19-43
102        <activity android:name="com.mariona.nefrosalut.dietasPlats" />
102-->src\main\AndroidManifest.xml:82:9-48
102-->src\main\AndroidManifest.xml:82:19-46
103
104        <meta-data
104-->src\main\AndroidManifest.xml:85:9-87:57
105            android:name="preloaded_fonts"
105-->src\main\AndroidManifest.xml:86:13-43
106            android:resource="@array/preloaded_fonts" />
106-->src\main\AndroidManifest.xml:87:13-54
107        <!-- Needs to be explicitly declared on P+ -->
108        <uses-library
108-->[com.google.android.gms:play-services-maps:19.1.0] AndroidManifest.xml:33:7-86
109            android:name="org.apache.http.legacy"
109-->[com.google.android.gms:play-services-maps:19.1.0] AndroidManifest.xml:33:21-58
110            android:required="false" />
110-->[com.google.android.gms:play-services-maps:19.1.0] AndroidManifest.xml:33:59-83
111
112        <activity
112-->[com.google.android.gms:play-services-base:18.5.0] AndroidManifest.xml:5:9-173
113            android:name="com.google.android.gms.common.api.GoogleApiActivity"
113-->[com.google.android.gms:play-services-base:18.5.0] AndroidManifest.xml:5:19-85
114            android:exported="false"
114-->[com.google.android.gms:play-services-base:18.5.0] AndroidManifest.xml:5:146-170
115            android:theme="@android:style/Theme.Translucent.NoTitleBar" />
115-->[com.google.android.gms:play-services-base:18.5.0] AndroidManifest.xml:5:86-145
116
117        <meta-data
117-->[com.google.android.gms:play-services-basement:18.4.0] AndroidManifest.xml:6:9-122
118            android:name="com.google.android.gms.version"
118-->[com.google.android.gms:play-services-basement:18.4.0] AndroidManifest.xml:6:20-65
119            android:value="@integer/google_play_services_version" />
119-->[com.google.android.gms:play-services-basement:18.4.0] AndroidManifest.xml:6:66-119
120
121        <provider
121-->[androidx.emoji2:emoji2:1.3.0] AndroidManifest.xml:24:9-32:20
122            android:name="androidx.startup.InitializationProvider"
122-->[androidx.emoji2:emoji2:1.3.0] AndroidManifest.xml:25:13-67
123            android:authorities="com.mariona.nefrosalut.androidx-startup"
123-->[androidx.emoji2:emoji2:1.3.0] AndroidManifest.xml:26:13-68
124            android:exported="false" >
124-->[androidx.emoji2:emoji2:1.3.0] AndroidManifest.xml:27:13-37
125            <meta-data
125-->[androidx.emoji2:emoji2:1.3.0] AndroidManifest.xml:29:13-31:52
126                android:name="androidx.emoji2.text.EmojiCompatInitializer"
126-->[androidx.emoji2:emoji2:1.3.0] AndroidManifest.xml:30:17-75
127                android:value="androidx.startup" />
127-->[androidx.emoji2:emoji2:1.3.0] AndroidManifest.xml:31:17-49
128            <meta-data
128-->[androidx.lifecycle:lifecycle-process:2.6.2] AndroidManifest.xml:29:13-31:52
129                android:name="androidx.lifecycle.ProcessLifecycleInitializer"
129-->[androidx.lifecycle:lifecycle-process:2.6.2] AndroidManifest.xml:30:17-78
130                android:value="androidx.startup" />
130-->[androidx.lifecycle:lifecycle-process:2.6.2] AndroidManifest.xml:31:17-49
131            <meta-data
131-->[androidx.profileinstaller:profileinstaller:1.4.0] AndroidManifest.xml:29:13-31:52
132                android:name="androidx.profileinstaller.ProfileInstallerInitializer"
132-->[androidx.profileinstaller:profileinstaller:1.4.0] AndroidManifest.xml:30:17-85
133                android:value="androidx.startup" />
133-->[androidx.profileinstaller:profileinstaller:1.4.0] AndroidManifest.xml:31:17-49
134        </provider>
135
136        <receiver
136-->[androidx.profileinstaller:profileinstaller:1.4.0] AndroidManifest.xml:34:9-52:20
137            android:name="androidx.profileinstaller.ProfileInstallReceiver"
137-->[androidx.profileinstaller:profileinstaller:1.4.0] AndroidManifest.xml:35:13-76
138            android:directBootAware="false"
138-->[androidx.profileinstaller:profileinstaller:1.4.0] AndroidManifest.xml:36:13-44
139            android:enabled="true"
139-->[androidx.profileinstaller:profileinstaller:1.4.0] AndroidManifest.xml:37:13-35
140            android:exported="true"
140-->[androidx.profileinstaller:profileinstaller:1.4.0] AndroidManifest.xml:38:13-36
141            android:permission="android.permission.DUMP" >
141-->[androidx.profileinstaller:profileinstaller:1.4.0] AndroidManifest.xml:39:13-57
142            <intent-filter>
142-->[androidx.profileinstaller:profileinstaller:1.4.0] AndroidManifest.xml:40:13-42:29
143                <action android:name="androidx.profileinstaller.action.INSTALL_PROFILE" />
143-->[androidx.profileinstaller:profileinstaller:1.4.0] AndroidManifest.xml:41:17-91
143-->[androidx.profileinstaller:profileinstaller:1.4.0] AndroidManifest.xml:41:25-88
144            </intent-filter>
145            <intent-filter>
145-->[androidx.profileinstaller:profileinstaller:1.4.0] AndroidManifest.xml:43:13-45:29
146                <action android:name="androidx.profileinstaller.action.SKIP_FILE" />
146-->[androidx.profileinstaller:profileinstaller:1.4.0] AndroidManifest.xml:44:17-85
146-->[androidx.profileinstaller:profileinstaller:1.4.0] AndroidManifest.xml:44:25-82
147            </intent-filter>
148            <intent-filter>
148-->[androidx.profileinstaller:profileinstaller:1.4.0] AndroidManifest.xml:46:13-48:29
149                <action android:name="androidx.profileinstaller.action.SAVE_PROFILE" />
149-->[androidx.profileinstaller:profileinstaller:1.4.0] AndroidManifest.xml:47:17-88
149-->[androidx.profileinstaller:profileinstaller:1.4.0] AndroidManifest.xml:47:25-85
150            </intent-filter>
151            <intent-filter>
151-->[androidx.profileinstaller:profileinstaller:1.4.0] AndroidManifest.xml:49:13-51:29
152                <action android:name="androidx.profileinstaller.action.BENCHMARK_OPERATION" />
152-->[androidx.profileinstaller:profileinstaller:1.4.0] AndroidManifest.xml:50:17-95
152-->[androidx.profileinstaller:profileinstaller:1.4.0] AndroidManifest.xml:50:25-92
153            </intent-filter>
154        </receiver>
155    </application>
156
157</manifest>